# JRE version: OpenJDK Runtime Environment AdoptOpenJDK (11.0.8+10) (build 11.0.8+10)
# Java VM: OpenJDK 64-Bit Server VM AdoptOpenJDK (11.0.8+10, mixed mode, tiered, compressed oops, g1 gc, windows-amd64)
Heap:
 garbage-first heap   total 260096K, used 47198K [0x0000000702400000, 0x0000000800000000)
  region size 1024K, 41 young (41984K), 7 survivors (7168K)
 Metaspace       used 27052K, capacity 28186K, committed 28544K, reserved 1073152K
  class space    used 3380K, capacity 3863K, committed 3968K, reserved 1048576K
GC Heap History (6 events):
Event: 0.615 GC heap before
{Heap before GC invocations=0 (full 0):
 garbage-first heap   total 260096K, used 23552K [0x0000000702400000, 0x0000000800000000)
  region size 1024K, 24 young (24576K), 0 survivors (0K)
 Metaspace       used 11308K, capacity 11643K, committed 11904K, reserved 1060864K
  class space    used 1165K, capacity 1292K, committed 1408K, reserved 1048576K
}
Event: 0.619 GC heap after
{Heap after GC invocations=1 (full 0):
 garbage-first heap   total 260096K, used 3498K [0x0000000702400000, 0x0000000800000000)
  region size 1024K, 3 young (3072K), 3 survivors (3072K)
 Metaspace       used 11308K, capacity 11643K, committed 11904K, reserved 1060864K
  class space    used 1165K, capacity 1292K, committed 1408K, reserved 1048576K
}
Event: 1.043 GC heap before
{Heap before GC invocations=1 (full 0):
 garbage-first heap   total 260096K, used 38314K [0x0000000702400000, 0x0000000800000000)
  region size 1024K, 38 young (38912K), 3 survivors (3072K)
 Metaspace       used 20353K, capacity 21109K, committed 21248K, reserved 1067008K
  class space    used 2635K, capacity 2946K, committed 3072K, reserved 1048576K
}
Event: 1.047 GC heap after
{Heap after GC invocations=2 (full 0):
 garbage-first heap   total 260096K, used 5983K [0x0000000702400000, 0x0000000800000000)
  region size 1024K, 6 young (6144K), 6 survivors (6144K)
 Metaspace       used 20353K, capacity 21109K, committed 21248K, reserved 1067008K
  class space    used 2635K, capacity 2946K, committed 3072K, reserved 1048576K
}
Event: 11.867 GC heap before
{Heap before GC invocations=3 (full 0):
 garbage-first heap   total 260096K, used 56159K [0x0000000702400000, 0x0000000800000000)
  region size 1024K, 50 young (51200K), 6 survivors (6144K)
 Metaspace       used 26527K, capacity 27646K, committed 27904K, reserved 1073152K
  class space    used 3367K, capacity 3819K, committed 3840K, reserved 1048576K
}
Event: 11.876 GC heap after
{Heap after GC invocations=4 (full 0):
 garbage-first heap   total 260096K, used 13406K [0x0000000702400000, 0x0000000800000000)
  region size 1024K, 7 young (7168K), 7 survivors (7168K)
 Metaspace       used 26527K, capacity 27646K, committed 27904K, reserved 1073152K
  class space    used 3367K, capacity 3819K, committed 3840K, reserved 1048576K
}

